0 info it worked if it ends with ok
1 verbose cli [ 'C:\\Program Files\\nodejs\\node.exe',
1 verbose cli   'C:\\Users\\lilingyun\\AppData\\Roaming\\npm\\node_modules\\npm\\bin\\npm-cli.js',
1 verbose cli   'run',
1 verbose cli   'test' ]
2 info using npm@4.0.5
3 info using node@v4.2.1
4 verbose run-script [ 'pretest', 'test', 'posttest' ]
5 info lifecycle jshint@1.0.0~pretest: jshint@1.0.0
6 silly lifecycle jshint@1.0.0~pretest: no script for pretest, continuing
7 info lifecycle jshint@1.0.0~test: jshint@1.0.0
8 verbose lifecycle jshint@1.0.0~test: unsafe-perm in lifecycle true
9 verbose lifecycle jshint@1.0.0~test: PATH: C:\Users\lilingyun\AppData\Roaming\npm\node_modules\npm\bin\node-gyp-bin;D:\git\jsHint\node_modules\.bin;C:\Users\lilingyun\AppData\Local\GitHub\PortableGit_d7effa1a4a322478cd29c826b52a0c118ad3db11\cmd;C:\Users\lilingyun\AppData\Local\GitHub\PortableGit_d7effa1a4a322478cd29c826b52a0c118ad3db11\usr\bin;C:\Users\lilingyun\AppData\Local\GitHub\PortableGit_d7effa1a4a322478cd29c826b52a0c118ad3db11\usr\share\git-tfs;C:\Users\lilingyun\AppData\Local\Apps\2.0\DC7RDNEN.91X\0DCGQMD7.80B\gith..tion_317444273a93ac29_0003.0003_665ccbdbd3c2d8d4;C:\Users\lilingyun\AppData\Local\GitHub\lfs-amd64_1.3.1;C:\Program Files (x86)\Common Files\NetSarang;C:\Program Files (x86)\Java\jdk1.8.0_25\bin;C:\Program Files (x86)\Java\jdk1.8.0_25\jre\bin;C:\ProgramData\Oracle\Java\javapath;C:\Ruby22\bin;C:\Program Files (x86)\Intel\iCLS Client\;C:\Program Files\Intel\iCLS Client\;C:\WINDOWS\system32;C:\WINDOWS;C:\WINDOWS\System32\Wbem;C:\WINDOWS\System32\WindowsPowerShell\v1.0\;C:\Program Files\Intel\Intel(R) Management Engine Components\DAL;C:\Program Files (x86)\Intel\Intel(R) Management Engine Components\DAL;C:\Program Files\Intel\Intel(R) Management Engine Components\IPT;C:\Program Files (x86)\Intel\Intel(R) Management Engine Components\IPT;C:\Program Files\Intel\WiFi\bin\;C:\Program Files\Common Files\Intel\WirelessCommon\;C:\Program Files\Lenovo\Fingerprint Manager Pro\;C:\Program Files (x86)\Common Files\Lenovo;C:\Program Files\Condusiv Technologies\ExpressCache\;C:\ProgramData\Lenovo\ReadyApps;C:\Program Files\nodejs\;C:\Program Files\TortoiseSVN\bin;E:\soft\php-5.6.16-Win32-VC11-x64;C:\Users\lilingyun\AppData\Roaming\npm;%USERPROFILE%\AppData\Local\Microsoft\WindowsApps;;C:\Windows\Microsoft.NET\Framework\v4.0.30319\
10 verbose lifecycle jshint@1.0.0~test: CWD: D:\git\jsHint
11 silly lifecycle jshint@1.0.0~test: Args: [ '/d /s /c', 'echo "Error: no test specified" && exit 1' ]
12 silly lifecycle jshint@1.0.0~test: Returned: code: 1  signal: null
13 info lifecycle jshint@1.0.0~test: Failed to exec test script
14 verbose stack Error: jshint@1.0.0 test: `echo "Error: no test specified" && exit 1`
14 verbose stack Exit status 1
14 verbose stack     at EventEmitter.<anonymous> (C:\Users\lilingyun\AppData\Roaming\npm\node_modules\npm\lib\utils\lifecycle.js:279:16)
14 verbose stack     at emitTwo (events.js:87:13)
14 verbose stack     at EventEmitter.emit (events.js:172:7)
14 verbose stack     at ChildProcess.<anonymous> (C:\Users\lilingyun\AppData\Roaming\npm\node_modules\npm\lib\utils\spawn.js:40:14)
14 verbose stack     at emitTwo (events.js:87:13)
14 verbose stack     at ChildProcess.emit (events.js:172:7)
14 verbose stack     at maybeClose (internal/child_process.js:818:16)
14 verbose stack     at Process.ChildProcess._handle.onexit (internal/child_process.js:211:5)
15 verbose pkgid jshint@1.0.0
16 verbose cwd D:\git\jsHint
17 error Windows_NT 10.0.14393
18 error argv "C:\\Program Files\\nodejs\\node.exe" "C:\\Users\\lilingyun\\AppData\\Roaming\\npm\\node_modules\\npm\\bin\\npm-cli.js" "run" "test"
19 error node v4.2.1
20 error npm  v4.0.5
21 error code ELIFECYCLE
22 error jshint@1.0.0 test: `echo "Error: no test specified" && exit 1`
22 error Exit status 1
23 error Failed at the jshint@1.0.0 test script 'echo "Error: no test specified" && exit 1'.
23 error Make sure you have the latest version of node.js and npm installed.
23 error If you do, this is most likely a problem with the jshint package,
23 error not with npm itself.
23 error Tell the author that this fails on your system:
23 error     echo "Error: no test specified" && exit 1
23 error You can get information on how to open an issue for this project with:
23 error     npm bugs jshint
23 error Or if that isn't available, you can get their info via:
23 error     npm owner ls jshint
23 error There is likely additional logging output above.
24 verbose exit [ 1, true ]
